✨ [1mPixi task ([0m[32m[1madd-subtitle[0m[1m): [0m[34m[1mpython scripts/add_subtitle.py[0m [34m--scan-finished --name-filter vr --skip-existing --language ja --profile vr --asr-backend official --asr-device cuda:0 --polish-model nsfw-local:27b[0m[33m: (NFS VR mp4 → WAV → SRT → copy back to NFS)[0m
extract /run/user/1000/gvfs/smb-share:server=atop-nuc-fnos.local,share=jav/#finished/BadoinkVR_Suki Sin_Slip_of_the_Tongue_8K_180_180x180_3dh.mp4 -> /home/rmqlife/work/voice_understanding/data/vr/BadoinkVR_Suki_Sin_Slip_of_the_Tongue_8K_180_180x180_3dh.wav
=== batch restart Thu Jun 25 03:13:57 PM CST 2026 ===
✨ [1mPixi task ([0m[32m[1madd-subtitle[0m[1m): [0m[34m[1mpython scripts/add_subtitle.py[0m [34m--scan-finished --name-filter vr --skip-existing --language ja --profile vr --asr-backend official --asr-device cuda:0 --polish-model nsfw-local:27b[0m[33m: (NFS VR mp4 → WAV → SRT → copy back to NFS)[0m
skip existing wav /home/rmqlife/work/voice_understanding/data/vr/KAVR-5008K__489155.com@KAVR-500.PART3_8K.wav
skip existing srt KAVR-5008K__489155.com@KAVR-500.PART3_8K
publish -> /run/user/1000/gvfs/smb-share:server=atop-nuc-fnos.local,share=jav/#finished/KAVR-5008K
/run/user/1000/gvfs/smb-share:server=atop-nuc-fnos.local,share=jav/#finished/KAVR-5008K/489155.com@KAVR-500.PART3_8K.asr.srt
/run/user/1000/gvfs/smb-share:server=atop-nuc-fnos.local,share=jav/#finished/KAVR-5008K/489155.com@KAVR-500.PART3_8K.zh.srt
extract /run/user/1000/gvfs/smb-share:server=atop-nuc-fnos.local,share=jav/#finished/VRKM-1850-沙月恵奈,月野かすみ/VRKM-1850-CD1.mp4 -> /home/rmqlife/work/voice_understanding/data/vr/VRKM-1850-沙月恵奈_月野かすみ__VRKM-1850-CD1.wav
subtitle /home/rmqlife/work/voice_understanding/data/vr/VRKM-1850-沙月恵奈_月野かすみ__VRKM-1850-CD1.wav
publish -> /run/user/1000/gvfs/smb-share:server=atop-nuc-fnos.local,share=jav/#finished/VRKM-1850-沙月恵奈,月野かすみ
/run/user/1000/gvfs/smb-share:server=atop-nuc-fnos.local,share=jav/#finished/VRKM-1850-沙月恵奈,月野かすみ/VRKM-1850-CD1.asr.srt
/run/user/1000/gvfs/smb-share:server=atop-nuc-fnos.local,share=jav/#finished/VRKM-1850-沙月恵奈,月野かすみ/VRKM-1850-CD1.zh.srt
extract /run/user/1000/gvfs/smb-share:server=atop-nuc-fnos.local,share=jav/#finished/VRKM-1850-沙月恵奈,月野かすみ/VRKM-1850-CD2.mp4 -> /home/rmqlife/work/voice_understanding/data/vr/VRKM-1850-沙月恵奈_月野かすみ__VRKM-1850-CD2.wav
subtitle /home/rmqlife/work/voice_understanding/data/vr/VRKM-1850-沙月恵奈_月野かすみ__VRKM-1850-CD2.wav
publish -> /run/user/1000/gvfs/smb-share:server=atop-nuc-fnos.local,share=jav/#finished/VRKM-1850-沙月恵奈,月野かすみ
/run/user/1000/gvfs/smb-share:server=atop-nuc-fnos.local,share=jav/#finished/VRKM-1850-沙月恵奈,月野かすみ/VRKM-1850-CD2.asr.srt
/run/user/1000/gvfs/smb-share:server=atop-nuc-fnos.local,share=jav/#finished/VRKM-1850-沙月恵奈,月野かすみ/VRKM-1850-CD2.zh.srt
extract /run/user/1000/gvfs/smb-share:server=atop-nuc-fnos.local,share=jav/#finished/KAVR-506-伊藤舞雪/KAVR-506-CD2.mp4 -> /home/rmqlife/work/voice_understanding/data/vr/KAVR-506-伊藤舞雪__KAVR-506-CD2.wav
subtitle /home/rmqlife/work/voice_understanding/data/vr/KAVR-506-伊藤舞雪__KAVR-506-CD2.wav
publish -> /run/user/1000/gvfs/smb-share:server=atop-nuc-fnos.local,share=jav/#finished/KAVR-506-伊藤舞雪
/run/user/1000/gvfs/smb-share:server=atop-nuc-fnos.local,share=jav/#finished/KAVR-506-伊藤舞雪/KAVR-506-CD2.asr.srt
/run/user/1000/gvfs/smb-share:server=atop-nuc-fnos.local,share=jav/#finished/KAVR-506-伊藤舞雪/KAVR-506-CD2.zh.srt
extract /run/user/1000/gvfs/smb-share:server=atop-nuc-fnos.local,share=jav/#finished/SAVR-1112-葉月なぎさ/SAVR-1112-CD1.mp4 -> /home/rmqlife/work/voice_understanding/data/vr/SAVR-1112-葉月なぎさ__SAVR-1112-CD1.wav
subtitle /home/rmqlife/work/voice_understanding/data/vr/SAVR-1112-葉月なぎさ__SAVR-1112-CD1.wav
publish -> /run/user/1000/gvfs/smb-share:server=atop-nuc-fnos.local,share=jav/#finished/SAVR-1112-葉月なぎさ
/run/user/1000/gvfs/smb-share:server=atop-nuc-fnos.local,share=jav/#finished/SAVR-1112-葉月なぎさ/SAVR-1112-CD1.asr.srt
/run/user/1000/gvfs/smb-share:server=atop-nuc-fnos.local,share=jav/#finished/SAVR-1112-葉月なぎさ/SAVR-1112-CD1.zh.srt
extract /run/user/1000/gvfs/smb-share:server=atop-nuc-fnos.local,share=jav/#finished/KAVR-506-伊藤舞雪/KAVR-506-CD5.mp4 -> /home/rmqlife/work/voice_understanding/data/vr/KAVR-506-伊藤舞雪__KAVR-506-CD5.wav
subtitle /home/rmqlife/work/voice_understanding/data/vr/KAVR-506-伊藤舞雪__KAVR-506-CD5.wav
Traceback (most recent call last):
  File "/home/rmqlife/work/voice_understanding/scripts/add_subtitle.py", line 173, in <module>
    )
  File "/home/rmqlife/work/voice_understanding/scripts/add_subtitle.py", line 147, in main
    for video in videos:
  File "/home/rmqlife/work/voice_understanding/scripts/add_subtitle.py", line 78, in add_subtitle_for_video
    srt_dir.mkdir(parents=True, exist_ok=True)
  File "/home/rmqlife/work/voice_understanding/scripts/vr_subtitle_test.py", line 96, in process_clip
    chunk_segments_size: int,
  File "/home/rmqlife/work/voice_understanding/python/sense_voice/asr_cli.py", line 59, in run_asr
    raise RuntimeError(f"ASR failed for {audio.name}:\n{proc.stderr}")
RuntimeError: ASR failed for KAVR-506-伊藤舞雪__KAVR-506-CD5.wav:
[1/1] KAVR-506-伊藤舞雪__KAVR-506-CD5.wav
funasr version: 1.3.13.
Downloading Model from https://www.modelscope.cn to directory: /home/rmqlife/.cache/modelscope/hub/models/iic/SenseVoiceSmall
WARNING:root:trust_remote_code: False
Downloading Model from https://www.modelscope.cn to directory: /home/rmqlife/.cache/modelscope/hub/models/iic/speech_fsmn_vad_zh-cn-16k-common-pytorch
WARNING:root:trust_remote_code: False

  0%|[34m          [0m| 0/1 [00:00<?, ?it/s]Traceback (most recent call last):
  File "/home/rmqlife/work/voice_understanding/scripts/sv.py", line 198, in <module>
    main()
  File "/home/rmqlife/work/voice_understanding/scripts/sv.py", line 194, in main
    transcribe_one(src, sv=sv, args=args, index=index, total=total)
  File "/home/rmqlife/work/voice_understanding/scripts/sv.py", line 76, in transcribe_one
    result = sv.transcribe(
  File "/home/rmqlife/work/voice_understanding/python/sense_voice/transcribe.py", line 769, in transcribe
    return self._transcribe_official(
  File "/home/rmqlife/work/voice_understanding/python/sense_voice/transcribe.py", line 740, in _transcribe_official
    result = self._official_generate(audio_path)
  File "/home/rmqlife/work/voice_understanding/python/sense_voice/transcribe.py", line 597, in _official_generate
    return model.generate(
  File "/home/rmqlife/work/voice_understanding/.pixi/envs/default/lib/python3.10/site-packages/funasr/auto/auto_model.py", line 492, in generate
    return self.inference_with_vad(
  File "/home/rmqlife/work/voice_understanding/.pixi/envs/default/lib/python3.10/site-packages/funasr/auto/auto_model.py", line 624, in inference_with_vad
    res = self.inference(
  File "/home/rmqlife/work/voice_understanding/.pixi/envs/default/lib/python3.10/site-packages/funasr/auto/auto_model.py", line 560, in inference
    res = model.inference(**batch, **kwargs)
  File "/home/rmqlife/work/voice_understanding/.pixi/envs/default/lib/python3.10/site-packages/funasr/models/fsmn_vad_streaming/model.py", line 992, in inference
    segments_i = self.forward(**batch)
  File "/home/rmqlife/work/voice_understanding/.pixi/envs/default/lib/python3.10/site-packages/funasr/models/fsmn_vad_streaming/model.py", line 786, in forward
    self.ComputeScores(feats, cache=cache)
  File "/home/rmqlife/work/voice_understanding/.pixi/envs/default/lib/python3.10/site-packages/funasr/models/fsmn_vad_streaming/model.py", line 476, in ComputeScores
    scores = self.encoder(feats, cache=cache["encoder"])  # return B * T * D
  File "/home/rmqlife/work/voice_understanding/.pixi/envs/default/lib/python3.10/site-packages/torch/nn/modules/module.py", line 1778, in _wrapped_call_impl
    return self._call_impl(*args, **kwargs)
  File "/home/rmqlife/work/voice_understanding/.pixi/envs/default/lib/python3.10/site-packages/torch/nn/modules/module.py", line 1789, in _call_impl
    return forward_call(*args, **kwargs)
  File "/home/rmqlife/work/voice_understanding/.pixi/envs/default/lib/python3.10/site-packages/funasr/models/fsmn_vad_streaming/encoder.py", line 369, in forward
    x4 = self.fsmn(x3, cache)  # self.cache will update automatically in self.fsmn
  File "/home/rmqlife/work/voice_understanding/.pixi/envs/default/lib/python3.10/site-packages/torch/nn/modules/module.py", line 1778, in _wrapped_call_impl
    return self._call_impl(*args, **kwargs)
  File "/home/rmqlife/work/voice_understanding/.pixi/envs/default/lib/python3.10/site-packages/torch/nn/modules/module.py", line 1789, in _call_impl
    return forward_call(*args, **kwargs)
  File "/home/rmqlife/work/voice_understanding/.pixi/envs/default/lib/python3.10/site-packages/funasr/models/fsmn_vad_streaming/encoder.py", line 271, in forward
    x = module(x, cache)
  File "/home/rmqlife/work/voice_understanding/.pixi/envs/default/lib/python3.10/site-packages/torch/nn/modules/module.py", line 1778, in _wrapped_call_impl
    return self._call_impl(*args, **kwargs)
  File "/home/rmqlife/work/voice_understanding/.pixi/envs/default/lib/python3.10/site-packages/torch/nn/modules/module.py", line 1789, in _call_impl
    return forward_call(*args, **kwargs)
  File "/home/rmqlife/work/voice_understanding/.pixi/envs/default/lib/python3.10/site-packages/funasr/models/fsmn_vad_streaming/encoder.py", line 215, in forward
    x3 = self.affine(x2)
  File "/home/rmqlife/work/voice_understanding/.pixi/envs/default/lib/python3.10/site-packages/torch/nn/modules/module.py", line 1778, in _wrapped_call_impl
    return self._call_impl(*args, **kwargs)
  File "/home/rmqlife/work/voice_understanding/.pixi/envs/default/lib/python3.10/site-packages/torch/nn/modules/module.py", line 1789, in _call_impl
    return forward_call(*args, **kwargs)
  File "/home/rmqlife/work/voice_understanding/.pixi/envs/default/lib/python3.10/site-packages/funasr/models/fsmn_vad_streaming/encoder.py", line 58, in forward
    output = self.linear(input)
  File "/home/rmqlife/work/voice_understanding/.pixi/envs/default/lib/python3.10/site-packages/torch/nn/modules/module.py", line 1778, in _wrapped_call_impl
    return self._call_impl(*args, **kwargs)
  File "/home/rmqlife/work/voice_understanding/.pixi/envs/default/lib/python3.10/site-packages/torch/nn/modules/module.py", line 1789, in _call_impl
    return forward_call(*args, **kwargs)
  File "/home/rmqlife/work/voice_understanding/.pixi/envs/default/lib/python3.10/site-packages/torch/nn/modules/linear.py", line 134, in forward
    return F.linear(input, self.weight, self.bias)
torch.OutOfMemoryError: CUDA out of memory. Tried to allocate 20.00 MiB. GPU 0 has a total capacity of 23.52 GiB of which 27.62 MiB is free. Process 10084 has 119.84 MiB memory in use. Process 2727092 has 28.34 MiB memory in use. Process 3479925 has 20.06 GiB memory in use. Including non-PyTorch memory, this process has 1.45 GiB memory in use. Of the allocated memory 957.93 MiB is allocated by PyTorch, and 68.07 MiB is reserved by PyTorch but unallocated. If reserved but unallocated memory is large try setting PYTORCH_CUDA_ALLOC_CONF=expandable_segments:True to avoid fragmentation.  See documentation for Memory Management  (https://docs.pytorch.org/docs/stable/notes/cuda.html#optimizing-memory-usage-with-pytorch-cuda-alloc-conf)

  0%|[34m          [0m| 0/1 [00:00<?, ?it/s]

=== batch restart Thu Jun 25 03:35:39 PM CST 2026 ===
✨ [1mPixi task ([0m[32m[1madd-subtitle[0m[1m): [0m[34m[1mpython scripts/add_subtitle.py[0m [34m--scan-finished --name-filter vr --skip-existing --language ja --profile vr --asr-backend official --asr-device cuda:0 --polish-model nsfw-local:27b[0m[33m: (NFS VR mp4 → WAV → SRT → copy back to NFS)[0m
skip existing wav /home/rmqlife/work/voice_understanding/data/vr/KAVR-5008K__489155.com@KAVR-500.PART3_8K.wav
skip existing srt KAVR-5008K__489155.com@KAVR-500.PART3_8K
publish -> /run/user/1000/gvfs/smb-share:server=atop-nuc-fnos.local,share=jav/#finished/KAVR-5008K
/run/user/1000/gvfs/smb-share:server=atop-nuc-fnos.local,share=jav/#finished/KAVR-5008K/489155.com@KAVR-500.PART3_8K.asr.srt
/run/user/1000/gvfs/smb-share:server=atop-nuc-fnos.local,share=jav/#finished/KAVR-5008K/489155.com@KAVR-500.PART3_8K.zh.srt
skip existing wav /home/rmqlife/work/voice_understanding/data/vr/VRKM-1850-沙月恵奈_月野かすみ__VRKM-1850-CD1.wav
skip existing srt VRKM-1850-沙月恵奈_月野かすみ__VRKM-1850-CD1
publish -> /run/user/1000/gvfs/smb-share:server=atop-nuc-fnos.local,share=jav/#finished/VRKM-1850-沙月恵奈,月野かすみ
/run/user/1000/gvfs/smb-share:server=atop-nuc-fnos.local,share=jav/#finished/VRKM-1850-沙月恵奈,月野かすみ/VRKM-1850-CD1.asr.srt
/run/user/1000/gvfs/smb-share:server=atop-nuc-fnos.local,share=jav/#finished/VRKM-1850-沙月恵奈,月野かすみ/VRKM-1850-CD1.zh.srt
skip existing wav /home/rmqlife/work/voice_understanding/data/vr/VRKM-1850-沙月恵奈_月野かすみ__VRKM-1850-CD2.wav
skip existing srt VRKM-1850-沙月恵奈_月野かすみ__VRKM-1850-CD2
publish -> /run/user/1000/gvfs/smb-share:server=atop-nuc-fnos.local,share=jav/#finished/VRKM-1850-沙月恵奈,月野かすみ
/run/user/1000/gvfs/smb-share:server=atop-nuc-fnos.local,share=jav/#finished/VRKM-1850-沙月恵奈,月野かすみ/VRKM-1850-CD2.asr.srt
/run/user/1000/gvfs/smb-share:server=atop-nuc-fnos.local,share=jav/#finished/VRKM-1850-沙月恵奈,月野かすみ/VRKM-1850-CD2.zh.srt
skip existing wav /home/rmqlife/work/voice_understanding/data/vr/KAVR-506-伊藤舞雪__KAVR-506-CD2.wav
skip existing srt KAVR-506-伊藤舞雪__KAVR-506-CD2
publish -> /run/user/1000/gvfs/smb-share:server=atop-nuc-fnos.local,share=jav/#finished/KAVR-506-伊藤舞雪
/run/user/1000/gvfs/smb-share:server=atop-nuc-fnos.local,share=jav/#finished/KAVR-506-伊藤舞雪/KAVR-506-CD2.asr.srt
/run/user/1000/gvfs/smb-share:server=atop-nuc-fnos.local,share=jav/#finished/KAVR-506-伊藤舞雪/KAVR-506-CD2.zh.srt
skip existing wav /home/rmqlife/work/voice_understanding/data/vr/SAVR-1112-葉月なぎさ__SAVR-1112-CD1.wav
skip existing srt SAVR-1112-葉月なぎさ__SAVR-1112-CD1
publish -> /run/user/1000/gvfs/smb-share:server=atop-nuc-fnos.local,share=jav/#finished/SAVR-1112-葉月なぎさ
/run/user/1000/gvfs/smb-share:server=atop-nuc-fnos.local,share=jav/#finished/SAVR-1112-葉月なぎさ/SAVR-1112-CD1.asr.srt
/run/user/1000/gvfs/smb-share:server=atop-nuc-fnos.local,share=jav/#finished/SAVR-1112-葉月なぎさ/SAVR-1112-CD1.zh.srt
skip existing wav /home/rmqlife/work/voice_understanding/data/vr/KAVR-506-伊藤舞雪__KAVR-506-CD5.wav
subtitle /home/rmqlife/work/voice_understanding/data/vr/KAVR-506-伊藤舞雪__KAVR-506-CD5.wav
Traceback (most recent call last):
  File "/home/rmqlife/work/voice_understanding/scripts/add_subtitle.py", line 177, in <module>
    main()
  File "/home/rmqlife/work/voice_understanding/scripts/add_subtitle.py", line 150, in main
    add_subtitle_for_video(
  File "/home/rmqlife/work/voice_understanding/scripts/add_subtitle.py", line 87, in add_subtitle_for_video
    chunk_segments_size=chunk_segments,
NameError: name 'chunk_segments' is not defined. Did you mean: 'chunk_segments_size'?
